#
# There is insufficient memory for the Java Runtime Environment to continue.
# Native memory allocation (malloc) failed to allocate 63056 bytes for Chunk::new
# Possible reasons:
#   The system is out of physical RAM or swap space
#   The process is running with CompressedOops enabled, and the Java Heap may be blocking the growth of the native heap
# Possible solutions:
#   Reduce memory load on the system
#   Increase physical memory or swap space
#   Check if swap backing store is full
#   Decrease Java heap size (-Xmx/-Xms)
#   Decrease number of Java threads
#   Decrease Java thread stack sizes (-Xss)
#   Set larger code cache with -XX:ReservedCodeCacheSize=
#   JVM is running with Unscaled Compressed Oops mode in which the Java heap is
#     placed in the first 4GB address space. The Java Heap base address is the
#     maximum limit for the native heap growth. Please use -XX:HeapBaseMinAddress
#     to set the Java Heap base and to place the Java Heap above 4GB virtual address.
# This output file may be truncated or incomplete.
#
#  Out of Memory Error (arena.cpp:189), pid=4928, tid=13836
#
# JRE version: Java(TM) SE Runtime Environment (17.0.12+8) (build 17.0.12+8-LTS-286)
# Java VM: Java HotSpot(TM) 64-Bit Server VM (17.0.12+8-LTS-286, mixed mode, sharing, tiered, compressed oops, compressed class ptrs, g1 gc, windows-amd64)
# No core dump will be written. Minidumps are not enabled by default on client versions of Windows
#

---------------  S U M M A R Y ------------

Command Line: -Xmx64m -Xms64m -Dorg.gradle.appname=gradlew E:\newxpaywallet\android\\gradle\wrapper\gradle-wrapper.jar app:installDebug -PreactNativeDevServerPort=8081

Host: AMD Ryzen 7 7435H, 16 cores, 15G,  Windows 11 , 64 bit Build 26100 (10.0.26100.2152)
Time: Fri Jan 23 23:10:54 2026 Malay Peninsula Standard Time elapsed time: 227.481376 seconds (0d 0h 3m 47s)

---------------  T H R E A D  ---------------

Current thread (0x0000020cb7434560):  JavaThread "C2 CompilerThread0" daemon [_thread_in_native, id=13836, stack(0x0000002b4ec00000,0x0000002b4ed00000)]


Current CompileTask:
C2: 227481 2139       4       java.lang.StringBuilder::toString (35 bytes)

Stack: [0x0000002b4ec00000,0x0000002b4ed00000]
Native frames: (J=compiled Java code, j=interpreted, Vv=VM code, C=native code)
V  [jvm.dll+0x67a04a]
V  [jvm.dll+0x7da4ed]
V  [jvm.dll+0x7dbe33]
V  [jvm.dll+0x7dc4a3]
V  [jvm.dll+0x24508f]
V  [jvm.dll+0xab773]
V  [jvm.dll+0xabd3c]
V  [jvm.dll+0x361b9f]
V  [jvm.dll+0x32c431]
V  [jvm.dll+0x32b8ca]
V  [jvm.dll+0x21683f]
V  [jvm.dll+0x215c6f]
V  [jvm.dll+0x1a2960]
V  [jvm.dll+0x22610b]
V  [jvm.dll+0x2242ab]
V  [jvm.dll+0x79075c]
V  [jvm.dll+0x78abea]
V  [jvm.dll+0x678f35]
C  [ucrtbase.dll+0x14ea0]
C  [KERNEL32.DLL+0x2dbe7]
C  [ntdll.dll+0xdfbec]


---------------  P R O C E S S  ---------------

Threads class SMR info:
_java_thread_list=0x0000020cfed7c400, length=13, elements={
0x0000020c9c9df0b0, 0x0000020c9caa6f80, 0x0000020c9caa86b0, 0x0000020cb741d300,
0x0000020cb7420ce0, 0x0000020cb7424220, 0x0000020cb7429ef0, 0x0000020cb7434560,
0x0000020cb74406d0, 0x0000020cb7455240, 0x0000020cb7455750, 0x0000020cb7454310,
0x0000020cb74524b0
}

Java Threads: ( => current thread )
  0x0000020c9c9df0b0 JavaThread "main" [_thread_in_native, id=6044, stack(0x0000002b4df00000,0x0000002b4e000000)]
  0x0000020c9caa6f80 JavaThread "Reference Handler" daemon [_thread_blocked, id=15440, stack(0x0000002b4e600000,0x0000002b4e700000)]
  0x0000020c9caa86b0 JavaThread "Finalizer" daemon [_thread_blocked, id=18244, stack(0x0000002b4e700000,0x0000002b4e800000)]
  0x0000020cb741d300 JavaThread "Signal Dispatcher" daemon [_thread_blocked, id=14476, stack(0x0000002b4e800000,0x0000002b4e900000)]
  0x0000020cb7420ce0 JavaThread "Attach Listener" daemon [_thread_blocked, id=13952, stack(0x0000002b4e900000,0x0000002b4ea00000)]
  0x0000020cb7424220 JavaThread "Service Thread" daemon [_thread_blocked, id=13336, stack(0x0000002b4ea00000,0x0000002b4eb00000)]
  0x0000020cb7429ef0 JavaThread "Monitor Deflation Thread" daemon [_thread_blocked, id=18412, stack(0x0000002b4eb00000,0x0000002b4ec00000)]
=>0x0000020cb7434560 JavaThread "C2 CompilerThread0" daemon [_thread_in_native, id=13836, stack(0x0000002b4ec00000,0x0000002b4ed00000)]
  0x0000020cb74406d0 JavaThread "C1 CompilerThread0" daemon [_thread_blocked, id=2236, stack(0x0000002b4ed00000,0x0000002b4ee00000)]
  0x0000020cb7455240 JavaThread "Sweeper thread" daemon [_thread_blocked, id=4432, stack(0x0000002b4ee00000,0x0000002b4ef00000)]
  0x0000020cb7455750 JavaThread "Notification Thread" daemon [_thread_blocked, id=18736, stack(0x0000002b4f100000,0x0000002b4f200000)]
  0x0000020cb7454310 JavaThread "Common-Cleaner" daemon [_thread_blocked, id=18768, stack(0x0000002b4f300000,0x0000002b4f400000)]
  0x0000020cb74524b0 JavaThread "pool-1-thread-1" [_thread_blocked, id=9560, stack(0x0000002b4fc00000,0x0000002b4fd00000)]

Other Threads:
  0x0000020c9caa0560 VMThread "VM Thread" [stack: 0x0000002b4e500000,0x0000002b4e600000] [id=12588]
  0x0000020cb76ae930 WatcherThread [stack: 0x0000002b4f200000,0x0000002b4f300000] [id=7572]
  0x0000020c9ca02580 GCTaskThread "GC Thread#0" [stack: 0x0000002b4e000000,0x0000002b4e100000] [id=5912]
  0x0000020cfd19a110 GCTaskThread "GC Thread#1" [stack: 0x0000002b4f600000,0x0000002b4f700000] [id=13936]
  0x0000020cfd205200 GCTaskThread "GC Thread#2" [stack: 0x0000002b4f700000,0x0000002b4f800000] [id=9924]
  0x0000020cfd16bde0 GCTaskThread "GC Thread#3" [stack: 0x0000002b4f800000,0x0000002b4f900000] [id=1780]
  0x0000020cfde05f60 GCTaskThread "GC Thread#4" [stack: 0x0000002b4f400000,0x0000002b4f500000] [id=1544]
  0x0000020cfde06220 GCTaskThread "GC Thread#5" [stack: 0x0000002b4f500000,0x0000002b4f600000] [id=14256]
  0x0000020cfde06a60 GCTaskThread "GC Thread#6" [stack: 0x0000002b4f900000,0x0000002b4fa00000] [id=18752]
  0x0000020c9ca03cd0 ConcurrentGCThread "G1 Main Marker" [stack: 0x0000002b4e100000,0x0000002b4e200000] [id=19312]
  0x0000020c9ca053b0 ConcurrentGCThread "G1 Conc#0" [stack: 0x0000002b4e200000,0x0000002b4e300000] [id=18348]
  0x0000020c9ca7fb90 ConcurrentGCThread "G1 Refine#0" [stack: 0x0000002b4e300000,0x0000002b4e400000] [id=17388]
  0x0000020c9ca805c0 ConcurrentGCThread "G1 Service" [stack: 0x0000002b4e400000,0x0000002b4e500000] [id=17456]

Threads with active compile tasks:
C2 CompilerThread0   228015 2139       4       java.lang.StringBuilder::toString (35 bytes)

VM state: not at safepoint (normal execution)

VM Mutex/Monitor currently owned by a thread: None

Heap address: 0x00000000fc000000, size: 64 MB, Compressed Oops mode: 32-bit

CDS archive(s) mapped at: [0x0000020cb8000000-0x0000020cb8bd0000-0x0000020cb8bd0000), size 12386304, SharedBaseAddress: 0x0000020cb8000000, ArchiveRelocationMode: 1.
Compressed class space mapped at: 0x0000020cb9000000-0x0000020cf9000000, reserved size: 1073741824
Narrow klass base: 0x0000020cb8000000, Narrow klass shift: 0, Narrow klass range: 0x100000000

GC Precious Log:
 CPUs: 16 total, 16 available
 Memory: 16122M
 Large Page Support: Disabled
 NUMA Support: Disabled
 Compressed Oops: Enabled (32-bit)
 Heap Region Size: 1M
 Heap Min Capacity: 64M
 Heap Initial Capacity: 64M
 Heap Max Capacity: 64M
 Pre-touch: Disabled
 Parallel Workers: 13
 Concurrent Workers: 3
 Concurrent Refinement Workers: 13
 Periodic GC: Disabled

Heap:
 garbage-first heap   total 65536K, used 23440K [0x00000000fc000000, 0x0000000100000000)
  region size 1024K, 17 young (17408K), 4 survivors (4096K)
 Metaspace       used 9661K, committed 9920K, reserved 1114112K
  class space    used 1259K, committed 1344K, reserved 1048576K

Heap Regions: E=young(eden), S=young(survivor), O=old, HS=humongous(starts), HC=humongous(continues), CS=collection set, F=free, OA=open archive, CA=closed archive, TAMS=top-at-mark-start (previous, next)
|   0|0x00000000fc000000, 0x00000000fc100000, 0x00000000fc100000|100%|HS|  |TAMS 0x00000000fc000000, 0x00000000fc000000| Complete 
|   1|0x00000000fc100000, 0x00000000fc200000, 0x00000000fc200000|100%|HC|  |TAMS 0x00000000fc100000, 0x00000000fc100000| Complete 
|   2|0x00000000fc200000, 0x00000000fc300000, 0x00000000fc300000|100%|HC|  |TAMS 0x00000000fc200000, 0x00000000fc200000| Complete 
|   3|0x00000000fc300000, 0x00000000fc400000, 0x00000000fc400000|100%| O|  |TAMS 0x00000000fc300000, 0x00000000fc300000| Untracked 
|   4|0x00000000fc400000, 0x00000000fc500000, 0x00000000fc500000|100%| O|  |TAMS 0x00000000fc400000, 0x00000000fc400000| Untracked 
|   5|0x00000000fc500000, 0x00000000fc600000, 0x00000000fc600000|100%| O|  |TAMS 0x00000000fc500000, 0x00000000fc500000| Untracked 
|   6|0x00000000fc600000, 0x00000000fc6e4200, 0x00000000fc700000| 89%| O|  |TAMS 0x00000000fc600000, 0x00000000fc600000| Untracked 
|   7|0x00000000fc700000, 0x00000000fc700000, 0x00000000fc800000|  0%| F|  |TAMS 0x00000000fc700000, 0x00000000fc700000| Untracked 
|   8|0x00000000fc800000, 0x00000000fc800000, 0x00000000fc900000|  0%| F|  |TAMS 0x00000000fc800000, 0x00000000fc800000| Untracked 
|   9|0x00000000fc900000, 0x00000000fc900000, 0x00000000fca00000|  0%| F|  |TAMS 0x00000000fc900000, 0x00000000fc900000| Untracked 
|  10|0x00000000fca00000, 0x00000000fca00000, 0x00000000fcb00000|  0%| F|  |TAMS 0x00000000fca00000, 0x00000000fca00000| Untracked 
|  11|0x00000000fcb00000, 0x00000000fcb00000, 0x00000000fcc00000|  0%| F|  |TAMS 0x00000000fcb00000, 0x00000000fcb00000| Untracked 
|  12|0x00000000fcc00000, 0x00000000fcc00000, 0x00000000fcd00000|  0%| F|  |TAMS 0x00000000fcc00000, 0x00000000fcc00000| Untracked 
|  13|0x00000000fcd00000, 0x00000000fcd00000, 0x00000000fce00000|  0%| F|  |TAMS 0x00000000fcd00000, 0x00000000fcd00000| Untracked 
|  14|0x00000000fce00000, 0x00000000fce00000, 0x00000000fcf00000|  0%| F|  |TAMS 0x00000000fce00000, 0x00000000fce00000| Untracked 
|  15|0x00000000fcf00000, 0x00000000fcf00000, 0x00000000fd000000|  0%| F|  |TAMS 0x00000000fcf00000, 0x00000000fcf00000| Untracked 
|  16|0x00000000fd000000, 0x00000000fd000000, 0x00000000fd100000|  0%| F|  |TAMS 0x00000000fd000000, 0x00000000fd000000| Untracked 
|  17|0x00000000fd100000, 0x00000000fd100000, 0x00000000fd200000|  0%| F|  |TAMS 0x00000000fd100000, 0x00000000fd100000| Untracked 
|  18|0x00000000fd200000, 0x00000000fd200000, 0x00000000fd300000|  0%| F|  |TAMS 0x00000000fd200000, 0x00000000fd200000| Untracked 
|  19|0x00000000fd300000, 0x00000000fd300000, 0x00000000fd400000|  0%| F|  |TAMS 0x00000000fd300000, 0x00000000fd300000| Untracked 
|  20|0x00000000fd400000, 0x00000000fd400000, 0x00000000fd500000|  0%| F|  |TAMS 0x00000000fd400000, 0x00000000fd400000| Untracked 
|  21|0x00000000fd500000, 0x00000000fd500000, 0x00000000fd600000|  0%| F|  |TAMS 0x00000000fd500000, 0x00000000fd500000| Untracked 
|  22|0x00000000fd600000, 0x00000000fd600000, 0x00000000fd700000|  0%| F|  |TAMS 0x00000000fd600000, 0x00000000fd600000| Untracked 
|  23|0x00000000fd700000, 0x00000000fd700000, 0x00000000fd800000|  0%| F|  |TAMS 0x00000000fd700000, 0x00000000fd700000| Untracked 
|  24|0x00000000fd800000, 0x00000000fd800000, 0x00000000fd900000|  0%| F|  |TAMS 0x00000000fd800000, 0x00000000fd800000| Untracked 
|  25|0x00000000fd900000, 0x00000000fd900000, 0x00000000fda00000|  0%| F|  |TAMS 0x00000000fd900000, 0x00000000fd900000| Untracked 
|  26|0x00000000fda00000, 0x00000000fda00000, 0x00000000fdb00000|  0%| F|  |TAMS 0x00000000fda00000, 0x00000000fda00000| Untracked 
|  27|0x00000000fdb00000, 0x00000000fdb00000, 0x00000000fdc00000|  0%| F|  |TAMS 0x00000000fdb00000, 0x00000000fdb00000| Untracked 
|  28|0x00000000fdc00000, 0x00000000fdd00000, 0x00000000fdd00000|100%| S|CS|TAMS 0x00000000fdc00000, 0x00000000fdc00000| Complete 
|  29|0x00000000fdd00000, 0x00000000fde00000, 0x00000000fde00000|100%| S|CS|TAMS 0x00000000fdd00000, 0x00000000fdd00000| Complete 
|  30|0x00000000fde00000, 0x00000000fdf00000, 0x00000000fdf00000|100%| S|CS|TAMS 0x00000000fde00000, 0x00000000fde00000| Complete 
|  31|0x00000000fdf00000, 0x00000000fe000000, 0x00000000fe000000|100%| S|CS|TAMS 0x00000000fdf00000, 0x00000000fdf00000| Complete 
|  32|0x00000000fe000000, 0x00000000fe000000, 0x00000000fe100000|  0%| F|  |TAMS 0x00000000fe000000, 0x00000000fe000000| Untracked 
|  33|0x00000000fe100000, 0x00000000fe100000, 0x00000000fe200000|  0%| F|  |TAMS 0x00000000fe100000, 0x00000000fe100000| Untracked 
|  34|0x00000000fe200000, 0x00000000fe200000, 0x00000000fe300000|  0%| F|  |TAMS 0x00000000fe200000, 0x00000000fe200000| Untracked 
|  35|0x00000000fe300000, 0x00000000fe300000, 0x00000000fe400000|  0%| F|  |TAMS 0x00000000fe300000, 0x00000000fe300000| Untracked 
|  36|0x00000000fe400000, 0x00000000fe400000, 0x00000000fe500000|  0%| F|  |TAMS 0x00000000fe400000, 0x00000000fe400000| Untracked 
|  37|0x00000000fe500000, 0x00000000fe500000, 0x00000000fe600000|  0%| F|  |TAMS 0x00000000fe500000, 0x00000000fe500000| Untracked 
|  38|0x00000000fe600000, 0x00000000fe600000, 0x00000000fe700000|  0%| F|  |TAMS 0x00000000fe600000, 0x00000000fe600000| Untracked 
|  39|0x00000000fe700000, 0x00000000fe700000, 0x00000000fe800000|  0%| F|  |TAMS 0x00000000fe700000, 0x00000000fe700000| Untracked 
|  40|0x00000000fe800000, 0x00000000fe800000, 0x00000000fe900000|  0%| F|  |TAMS 0x00000000fe800000, 0x00000000fe800000| Untracked 
|  41|0x00000000fe900000, 0x00000000fe900000, 0x00000000fea00000|  0%| F|  |TAMS 0x00000000fe900000, 0x00000000fe900000| Untracked 
|  42|0x00000000fea00000, 0x00000000fea00000, 0x00000000feb00000|  0%| F|  |TAMS 0x00000000fea00000, 0x00000000fea00000| Untracked 
|  43|0x00000000feb00000, 0x00000000feb00000, 0x00000000fec00000|  0%| F|  |TAMS 0x00000000feb00000, 0x00000000feb00000| Untracked 
|  44|0x00000000fec00000, 0x00000000fec00000, 0x00000000fed00000|  0%| F|  |TAMS 0x00000000fec00000, 0x00000000fec00000| Untracked 
|  45|0x00000000fed00000, 0x00000000fed00000, 0x00000000fee00000|  0%| F|  |TAMS 0x00000000fed00000, 0x00000000fed00000| Untracked 
|  46|0x00000000fee00000, 0x00000000fee00000, 0x00000000fef00000|  0%| F|  |TAMS 0x00000000fee00000, 0x00000000fee00000| Untracked 
|  47|0x00000000fef00000, 0x00000000fef00000, 0x00000000ff000000|  0%| F|  |TAMS 0x00000000fef00000, 0x00000000fef00000| Untracked 
|  48|0x00000000ff000000, 0x00000000ff000000, 0x00000000ff100000|  0%| F|  |TAMS 0x00000000ff000000, 0x00000000ff000000| Untracked 
|  49|0x00000000ff100000, 0x00000000ff100000, 0x00000000ff200000|  0%| F|  |TAMS 0x00000000ff100000, 0x00000000ff100000| Untracked 
|  50|0x00000000ff200000, 0x00000000ff200000, 0x00000000ff300000|  0%| F|  |TAMS 0x00000000ff200000, 0x00000000ff200000| Untracked 
|  51|0x00000000ff300000, 0x00000000ff364720, 0x00000000ff400000| 39%| E|  |TAMS 0x00000000ff300000, 0x00000000ff300000| Complete 
|  52|0x00000000ff400000, 0x00000000ff500000, 0x00000000ff500000|100%| E|CS|TAMS 0x00000000ff400000, 0x00000000ff400000| Complete 
|  53|0x00000000ff500000, 0x00000000ff600000, 0x00000000ff600000|100%| E|CS|TAMS 0x00000000ff500000, 0x00000000ff500000| Complete 
|  54|0x00000000ff600000, 0x00000000ff700000, 0x00000000ff700000|100%| E|CS|TAMS 0x00000000ff600000, 0x00000000ff600000| Complete 
|  55|0x00000000ff700000, 0x00000000ff800000, 0x00000000ff800000|100%| E|CS|TAMS 0x00000000ff700000, 0x00000000ff700000| Complete 
|  56|0x00000000ff800000, 0x00000000ff900000, 0x00000000ff900000|100%| E|CS|TAMS 0x00000000ff800000, 0x00000000ff800000| Complete 
|  57|0x00000000ff900000, 0x00000000ffa00000, 0x00000000ffa00000|100%| E|CS|TAMS 0x00000000ff900000, 0x00000000ff900000| Complete 
|  58|0x00000000ffa00000, 0x00000000ffb00000, 0x00000000ffb00000|100%| E|CS|TAMS 0x00000000ffa00000, 0x00000000ffa00000| Complete 
|  59|0x00000000ffb00000, 0x00000000ffc00000, 0x00000000ffc00000|100%| E|CS|TAMS 0x00000000ffb00000, 0x00000000ffb00000| Complete 
|  60|0x00000000ffc00000, 0x00000000ffd00000, 0x00000000ffd00000|100%| E|CS|TAMS 0x00000000ffc00000, 0x00000000ffc00000| Complete 
|  61|0x00000000ffd00000, 0x00000000ffe00000, 0x00000000ffe00000|100%| E|CS|TAMS 0x00000000ffd00000, 0x00000000ffd00000| Complete 
|  62|0x00000000ffe00000, 0x00000000fff00000, 0x00000000fff00000|100%| E|CS|TAMS 0x00000000ffe00000, 0x00000000ffe00000| Complete 
|  63|0x00000000fff00000, 0x0000000100000000, 0x0000000100000000|100%| E|CS|TAMS 0x00000000fff00000, 0x00000000fff00000| Complete 

Card table byte_map: [0x0000020cb42a0000,0x0000020cb42c0000] _byte_map_base: 0x0000020cb3ac0000

Marking Bits (Prev, Next): (CMBitMap*) 0x0000020c9ca02ba0, (CMBitMap*) 0x0000020c9ca02be0
 Prev Bits: [0x0000020cb42e0000, 0x0000020cb43e0000)
 Next Bits: [0x0000020cb43e0000, 0x0000020cb44e0000)

Polling page: 0x0000020c9b1f0000

Metaspace:

Usage:
  Non-class:      8.20 MB used.
      Class:      1.23 MB used.
       Both:      9.43 MB used.

Virtual space:
  Non-class space:       64.00 MB reserved,       8.38 MB ( 13%) committed,  1 nodes.
      Class space:        1.00 GB reserved,       1.31 MB ( <1%) committed,  1 nodes.
             Both:        1.06 GB reserved,       9.69 MB ( <1%) committed. 

Chunk freelists:
   Non-Class:  7.61 MB
       Class:  14.51 MB
        Both:  22.12 MB

MaxMetaspaceSize: unlimited
CompressedClassSpaceSize: 1.00 GB
Initial GC threshold: 21.00 MB
Current GC threshold: 21.00 MB
CDS: on
MetaspaceReclaimPolicy: balanced
 - commit_granule_bytes: 65536.
 - commit_granule_words: 8192.
 - virtual_space_node_default_size: 8388608.
 - enlarge_chunks_in_place: 1.
 - new_chunks_are_fully_committed: 0.
 - uncommit_free_chunks: 1.
 - use_allocation_guard: 0.
 - handle_deallocations: 1.


Internal statistics:

num_allocs_failed_limit: 0.
num_arena_births: 80.
num_arena_deaths: 0.
num_vsnodes_births: 2.
num_vsnodes_deaths: 0.
num_space_committed: 155.
num_space_uncommitted: 0.
num_chunks_returned_to_freelist: 0.
num_chunks_taken_from_freelist: 349.
num_chunk_merges: 0.
num_chunk_splits: 231.
num_chunks_enlarged: 182.
num_inconsistent_stats: 0.

CodeHeap 'non-profiled nmethods': size=119168Kb used=1024Kb max_used=1024Kb free=118143Kb
 bounds [0x0000020cabe90000, 0x0000020cac100000, 0x0000020cb32f0000]
CodeHeap 'profiled nmethods': size=119104Kb used=4015Kb max_used=4015Kb free=115088Kb
 bounds [0x0000020ca42f0000, 0x0000020ca46e0000, 0x0000020cab740000]
CodeHeap 'non-nmethods': size=7488Kb used=1173Kb max_used=2879Kb free=6314Kb
 bounds [0x0000020cab740000, 0x0000020caba20000, 0x0000020cabe90000]
 total_blobs=2607 nmethods=2138 adapters=381
 compilation: enabled
              stopped_count=0, restarted_count=0
 full_count=0

Compilation events (20 events):
Event: 202.560 Thread 0x0000020cb74406d0 nmethod 2129 0x0000020ca46d9d10 code [0x0000020ca46d9ec0, 0x0000020ca46da1e8]
Event: 204.595 Thread 0x0000020cb74406d0 2130       3       org.gradle.internal.serialize.BaseSerializerFactory$EnumSerializer::read (6 bytes)
Event: 204.596 Thread 0x0000020cb74406d0 nmethod 2130 0x0000020ca46da310 code [0x0000020ca46da500, 0x0000020ca46dab28]
Event: 204.596 Thread 0x0000020cb74406d0 2131       3       org.gradle.internal.serialize.BaseSerializerFactory$EnumSerializer::read (18 bytes)
Event: 204.597 Thread 0x0000020cb74406d0 nmethod 2131 0x0000020ca46dad10 code [0x0000020ca46daf00, 0x0000020ca46db4c8]
Event: 204.597 Thread 0x0000020cb74406d0 2132       3       java.lang.Class::getEnumConstants (21 bytes)
Event: 204.598 Thread 0x0000020cb74406d0 nmethod 2132 0x0000020ca46db690 code [0x0000020ca46db860, 0x0000020ca46dbbd8]
Event: 205.845 Thread 0x0000020cb7434560 2133       4       java.lang.Integer::valueOf (32 bytes)
Event: 205.847 Thread 0x0000020cb7434560 nmethod 2133 0x0000020cabf8be90 code [0x0000020cabf8c020, 0x0000020cabf8c0f8]
Event: 206.048 Thread 0x0000020cb74406d0 2134       1       org.gradle.internal.logging.events.StyledTextOutputEvent$Span::access$000 (5 bytes)
Event: 206.048 Thread 0x0000020cb74406d0 nmethod 2134 0x0000020cabf8c190 code [0x0000020cabf8c320, 0x0000020cabf8c3d8]
Event: 206.048 Thread 0x0000020cb74406d0 2135       1       org.gradle.internal.logging.events.StyledTextOutputEvent$Span::access$100 (5 bytes)
Event: 206.048 Thread 0x0000020cb74406d0 nmethod 2135 0x0000020cabf8c490 code [0x0000020cabf8c620, 0x0000020cabf8c6d8]
Event: 207.451 Thread 0x0000020cb7434560 2136       4       java.util.concurrent.locks.ReentrantLock$NonfairSync::initialTryLock (58 bytes)
Event: 207.453 Thread 0x0000020cb7434560 nmethod 2136 0x0000020cabf8c790 code [0x0000020cabf8c900, 0x0000020cabf8ca78]
Event: 218.173 Thread 0x0000020cb7434560 2137       4       org.gradle.internal.logging.console.MultiLineBuildProgressArea::redraw (203 bytes)
Event: 218.272 Thread 0x0000020cb7434560 nmethod 2137 0x0000020cabf8cb10 code [0x0000020cabf8cea0, 0x0000020cabf8e458]
Event: 222.155 Thread 0x0000020cb7434560 2138       4       java.lang.AbstractStringBuilder::isLatin1 (19 bytes)
Event: 222.155 Thread 0x0000020cb7434560 nmethod 2138 0x0000020cabf8fd90 code [0x0000020cabf8ff00, 0x0000020cabf8ff98]
Event: 225.452 Thread 0x0000020cb7434560 2139       4       java.lang.StringBuilder::toString (35 bytes)

GC Heap History (4 events):
Event: 0.507 GC heap before
{Heap before GC invocations=0 (full 0):
 garbage-first heap   total 65536K, used 22528K [0x00000000fc000000, 0x0000000100000000)
  region size 1024K, 23 young (23552K), 0 survivors (0K)
 Metaspace       used 1719K, committed 1856K, reserved 1114112K
  class space    used 156K, committed 192K, reserved 1048576K
}
Event: 0.513 GC heap after
{Heap after GC invocations=1 (full 0):
 garbage-first heap   total 65536K, used 2048K [0x00000000fc000000, 0x0000000100000000)
  region size 1024K, 2 young (2048K), 2 survivors (2048K)
 Metaspace       used 1719K, committed 1856K, reserved 1114112K
  class space    used 156K, committed 192K, reserved 1048576K
}
Event: 1.565 GC heap before
{Heap before GC invocations=1 (full 0):
 garbage-first heap   total 65536K, used 34816K [0x00000000fc000000, 0x0000000100000000)
  region size 1024K, 32 young (32768K), 2 survivors (2048K)
 Metaspace       used 7366K, committed 7552K, reserved 1114112K
  class space    used 996K, committed 1088K, reserved 1048576K
}
Event: 1.573 GC heap after
{Heap after GC invocations=2 (full 0):
 garbage-first heap   total 65536K, used 11152K [0x00000000fc000000, 0x0000000100000000)
  region size 1024K, 4 young (4096K), 4 survivors (4096K)
 Metaspace       used 7366K, committed 7552K, reserved 1114112K
  class space    used 996K, committed 1088K, reserved 1048576K
}

Deoptimization events (20 events):
Event: 3.960 Thread 0x0000020cb74524b0 DEOPT PACKING pc=0x0000020cabeac17c sp=0x0000002b4fcfe360
Event: 3.960 Thread 0x0000020cb74524b0 DEOPT UNPACKING pc=0x0000020cab7923a3 sp=0x0000002b4fcfe320 mode 2
Event: 6.149 Thread 0x0000020c9c9df0b0 Uncommon trap: trap_request=0xffffff45 fr.pc=0x0000020cabeaf498 relative=0x00000000000001f8
Event: 6.149 Thread 0x0000020c9c9df0b0 Uncommon trap: reason=unstable_if action=reinterpret pc=0x0000020cabeaf498 method=java.lang.StringUTF16.compress([CII)[B @ 13 c2
Event: 6.149 Thread 0x0000020c9c9df0b0 DEOPT PACKING pc=0x0000020cabeaf498 sp=0x0000002b4dffd110
Event: 6.149 Thread 0x0000020c9c9df0b0 DEOPT UNPACKING pc=0x0000020cab7923a3 sp=0x0000002b4dffd098 mode 2
Event: 6.246 Thread 0x0000020cb74524b0 Uncommon trap: trap_request=0xffffff45 fr.pc=0x0000020cabed9a4c relative=0x000000000000012c
Event: 6.246 Thread 0x0000020cb74524b0 Uncommon trap: reason=unstable_if action=reinterpret pc=0x0000020cabed9a4c method=java.lang.AbstractStringBuilder.putStringAt(ILjava/lang/String;II)V @ 8 c2
Event: 6.246 Thread 0x0000020cb74524b0 DEOPT PACKING pc=0x0000020cabed9a4c sp=0x0000002b4fcfe050
Event: 6.246 Thread 0x0000020cb74524b0 DEOPT UNPACKING pc=0x0000020cab7923a3 sp=0x0000002b4fcfdf80 mode 2
Event: 30.707 Thread 0x0000020c9c9df0b0 DEOPT PACKING pc=0x0000020ca45b3dcd sp=0x0000002b4dffcff0
Event: 30.707 Thread 0x0000020c9c9df0b0 DEOPT UNPACKING pc=0x0000020cab792b43 sp=0x0000002b4dffc488 mode 0
Event: 47.610 Thread 0x0000020c9c9df0b0 Uncommon trap: trap_request=0xffffff45 fr.pc=0x0000020cabf4b2d8 relative=0x00000000000001b8
Event: 47.610 Thread 0x0000020c9c9df0b0 Uncommon trap: reason=unstable_if action=reinterpret pc=0x0000020cabf4b2d8 method=com.esotericsoftware.kryo.io.Input.require(I)I @ 65 c2
Event: 47.610 Thread 0x0000020c9c9df0b0 DEOPT PACKING pc=0x0000020cabf4b2d8 sp=0x0000002b4dffd200
Event: 47.610 Thread 0x0000020c9c9df0b0 DEOPT UNPACKING pc=0x0000020cab7923a3 sp=0x0000002b4dffd1b0 mode 2
Event: 49.098 Thread 0x0000020cb74524b0 DEOPT PACKING pc=0x0000020ca4612b03 sp=0x0000002b4fcfdf70
Event: 49.098 Thread 0x0000020cb74524b0 DEOPT UNPACKING pc=0x0000020cab792b43 sp=0x0000002b4fcfd3e0 mode 0
Event: 49.191 Thread 0x0000020cb74524b0 DEOPT PACKING pc=0x0000020ca4662cf4 sp=0x0000002b4fcfe6e0
Event: 49.191 Thread 0x0000020cb74524b0 DEOPT UNPACKING pc=0x0000020cab792b43 sp=0x0000002b4fcfdbb0 mode 0

Classes unloaded (0 events):
No events

Classes redefined (0 events):
No events

Internal exceptions (20 events):
Event: 0.987 Thread 0x0000020c9c9df0b0 Exception <a 'java/lang/NoSuchMethodError'{0x00000000ff0e8808}: 'int java.lang.invoke.DirectMethodHandle$Holder.invokeSpecial(java.lang.Object, java.lang.Object, java.lang.Object)'> (0x00000000ff0e8808) 
thrown [s\open\src\hotspot\share\interpreter\linkResolver.cpp, line 759]
Event: 0.997 Thread 0x0000020c9c9df0b0 Exception <a 'java/lang/NoSuchMethodError'{0x00000000fef25f90}: 'void java.lang.invoke.DirectMethodHandle$Holder.invokeStatic(java.lang.Object, java.lang.Object)'> (0x00000000fef25f90) 
thrown [s\open\src\hotspot\share\interpreter\linkResolver.cpp, line 759]
Event: 0.999 Thread 0x0000020c9c9df0b0 Implicit null exception at 0x0000020cabef400f to 0x0000020cabef4540
Event: 0.999 Thread 0x0000020c9c9df0b0 Implicit null exception at 0x0000020cabed7d8f to 0x0000020cabed82c8
Event: 0.999 Thread 0x0000020c9c9df0b0 Implicit null exception at 0x0000020cabec068f to 0x0000020cabec0709
Event: 1.019 Thread 0x0000020c9c9df0b0 Exception <a 'java/lang/NoClassDefFoundError'{0x00000000fefa0fd8}: org/slf4j/impl/StaticMarkerBinder> (0x00000000fefa0fd8) 
thrown [s\open\src\hotspot\share\classfile\systemDictionary.cpp, line 245]
Event: 1.058 Thread 0x0000020c9c9df0b0 Exception <a 'java/lang/NoSuchMethodError'{0x00000000feec3828}: 'java.lang.Object java.lang.invoke.Invokers$Holder.invoker(java.lang.Object, java.lang.Object, java.lang.Object)'> (0x00000000feec3828) 
thrown [s\open\src\hotspot\share\interpreter\linkResolver.cpp, line 759]
Event: 1.060 Thread 0x0000020c9c9df0b0 Exception <a 'java/lang/NoSuchMethodError'{0x00000000feecc980}: 'java.lang.Object java.lang.invoke.DirectMethodHandle$Holder.invokeStatic(java.lang.Object, java.lang.Object, int)'> (0x00000000feecc980) 
thrown [s\open\src\hotspot\share\interpreter\linkResolver.cpp, line 759]
Event: 1.063 Thread 0x0000020c9c9df0b0 Exception <a 'java/lang/NoSuchMethodError'{0x00000000feed8670}: 'void java.lang.invoke.DelegatingMethodHandle$Holder.delegate(java.lang.Object, java.lang.Object, int, java.lang.Object)'> (0x00000000feed8670) 
thrown [s\open\src\hotspot\share\interpreter\linkResolver.cpp, line 759]
Event: 1.068 Thread 0x0000020c9c9df0b0 Exception <a 'java/lang/NoSuchMethodError'{0x00000000feeebcb8}: 'java.lang.Object java.lang.invoke.Invokers$Holder.invokeExact_MT(java.lang.Object, java.lang.Object, java.lang.Object, java.lang.Object)'> (0x00000000feeebcb8) 
thrown [s\open\src\hotspot\share\interpreter\linkResolver.cpp, line 759]
Event: 1.072 Thread 0x0000020c9c9df0b0 Exception <a 'java/lang/NoSuchMethodError'{0x00000000fed0e260}: 'java.lang.Object java.lang.invoke.DirectMethodHandle$Holder.invokeVirtual(java.lang.Object, java.lang.Object, java.lang.Object)'> (0x00000000fed0e260) 
thrown [s\open\src\hotspot\share\interpreter\linkResolver.cpp, line 759]
Event: 1.216 Thread 0x0000020c9c9df0b0 Exception <a 'java/lang/NoSuchMethodError'{0x00000000fe915d48}: 'java.lang.Object java.lang.invoke.DirectMethodHandle$Holder.newInvokeSpecial(java.lang.Object, java.lang.Object, java.lang.Object, java.lang.Object, java.lang.Object)'> (0x00000000fe915d48) 
thrown [s\open\src\hotspot\share\interpreter\linkResolver.cpp, line 759]
Event: 1.249 Thread 0x0000020c9c9df0b0 Exception <a 'java/lang/NoSuchMethodError'{0x00000000fe643978}: 'void java.lang.invoke.DirectMethodHandle$Holder.invokeSpecial(java.lang.Object, java.lang.Object, java.lang.Object)'> (0x00000000fe643978) 
thrown [s\open\src\hotspot\share\interpreter\linkResolver.cpp, line 759]
Event: 1.461 Thread 0x0000020c9c9df0b0 Exception <a 'java/lang/NoSuchMethodError'{0x00000000fe304350}: 'void java.lang.invoke.DirectMethodHandle$Holder.invokeStatic(java.lang.Object, java.lang.Object, java.lang.Object)'> (0x00000000fe304350) 
thrown [s\open\src\hotspot\share\interpreter\linkResolver.cpp, line 759]
Event: 1.533 Thread 0x0000020c9c9df0b0 Exception <a 'java/lang/NoSuchMethodError'{0x00000000fe19e430}: 'java.lang.Object java.lang.invoke.DirectMethodHandle$Holder.newInvokeSpecial(java.lang.Object, java.lang.Object, java.lang.Object, java.lang.Object, java.lang.Object, java.lang.Object, java.lang.Object, java.lang.Object, java.lang.Object, java.lang.Object, java.lang.Object, java.lang.Object, java.lang.Object, java.lang.Object, java.lang.Object, java.lang.Object, java.lang.Object, java.lang.Object, java.lang.Object, java.lang.Object, java.lang
Event: 1.535 Thread 0x0000020c9c9df0b0 Exception <a 'java/lang/NoSuchMethodError'{0x00000000fe1aaa38}: 'java.lang.Object java.lang.invoke.Invokers$Holder.linkToTargetMethod(java.lang.Object, java.lang.Object, java.lang.Object, java.lang.Object, java.lang.Object, java.lang.Object, java.lang.Object, java.lang.Object, java.lang.Object, java.lang.Object, java.lang.Object, java.lang.Object, java.lang.Object, java.lang.Object, java.lang.Object, java.lang.Object, java.lang.Object, java.lang.Object, java.lang.Object, java.lang.Object, java.lang.Object,
Event: 1.602 Thread 0x0000020c9c9df0b0 Exception <a 'java/lang/NoSuchMethodError'{0x00000000ffe0fbd0}: 'java.lang.Object java.lang.invoke.DirectMethodHandle$Holder.invokeStaticInit(java.lang.Object, int, int, int, int)'> (0x00000000ffe0fbd0) 
thrown [s\open\src\hotspot\share\interpreter\linkResolver.cpp, line 759]
Event: 1.672 Thread 0x0000020c9c9df0b0 Exception <a 'java/lang/NoSuchMethodError'{0x00000000ffe32098}: 'java.lang.Object java.lang.invoke.DirectMethodHandle$Holder.invokeStaticInit(java.lang.Object, java.lang.Object, int, int, int, int)'> (0x00000000ffe32098) 
thrown [s\open\src\hotspot\share\interpreter\linkResolver.cpp, line 759]
Event: 1.703 Thread 0x0000020c9c9df0b0 Implicit null exception at 0x0000020cabed9e72 to 0x0000020cabeda440
Event: 1.705 Thread 0x0000020c9c9df0b0 Implicit null exception at 0x0000020cabedeaf2 to 0x0000020cabedf0d0

VM Operations (20 events):
Event: 141.312 Executing VM operation: Cleanup
Event: 141.313 Executing VM operation: Cleanup done
Event: 143.332 Executing VM operation: Cleanup
Event: 143.332 Executing VM operation: Cleanup done
Event: 174.672 Executing VM operation: Cleanup
Event: 174.672 Executing VM operation: Cleanup done
Event: 190.833 Executing VM operation: Cleanup
Event: 190.833 Executing VM operation: Cleanup done
Event: 192.860 Executing VM operation: Cleanup
Event: 192.860 Executing VM operation: Cleanup done
Event: 200.925 Executing VM operation: Cleanup
Event: 200.926 Executing VM operation: Cleanup done
Event: 204.972 Executing VM operation: Cleanup
Event: 204.972 Executing VM operation: Cleanup done
Event: 208.012 Executing VM operation: Cleanup
Event: 208.012 Executing VM operation: Cleanup done
Event: 210.038 Executing VM operation: Cleanup
Event: 210.038 Executing VM operation: Cleanup done
Event: 219.125 Executing VM operation: Cleanup
Event: 219.125 Executing VM operation: Cleanup done

Events (20 events):
Event: 3.882 loading class sun/util/logging/internal/LoggingProviderImpl$JULWrapper
Event: 3.882 loading class sun/util/logging/PlatformLogger$ConfigurableBridge$LoggerConfiguration
Event: 3.882 loading class sun/util/logging/PlatformLogger$ConfigurableBridge$LoggerConfiguration done
Event: 3.882 loading class sun/util/logging/internal/LoggingProviderImpl$JULWrapper done
Event: 3.883 loading class java/io/ObjectInputFilter
Event: 3.883 loading class java/io/ObjectInputFilter done
Event: 3.883 loading class java/io/ObjectInputFilter$Config$BuiltinFilterFactory
Event: 3.884 loading class java/io/ObjectInputFilter$Config$BuiltinFilterFactory done
Event: 3.884 loading class jdk/internal/access/JavaObjectInputFilterAccess
Event: 3.884 loading class jdk/internal/access/JavaObjectInputFilterAccess done
Event: 3.884 loading class java/lang/System$Logger$Level
Event: 3.884 loading class java/lang/System$Logger$Level done
Event: 3.884 loading class java/io/Bits
Event: 3.884 loading class java/io/Bits done
Event: 5.949 Thread 0x0000020cb7680fa0 Thread exited: 0x0000020cb7680fa0
Event: 8.754 Thread 0x0000020cb766f620 Thread exited: 0x0000020cb766f620
Event: 27.005 Thread 0x0000020cfe214010 Thread added: 0x0000020cfe214010
Event: 27.006 Thread 0x0000020cfe214530 Thread added: 0x0000020cfe214530
Event: 28.559 Thread 0x0000020cfe214530 Thread exited: 0x0000020cfe214530
Event: 30.352 Thread 0x0000020cfe214010 Thread exited: 0x0000020cfe214010


Dynamic libraries:
0x00007ff7ea810000 - 0x00007ff7ea820000 	C:\Program Files\Java\jdk-17\bin\java.exe
0x00007ffe6d180000 - 0x00007ffe6d3e3000 	C:\Windows\SYSTEM32\ntdll.dll
0x00007ffe6b300000 - 0x00007ffe6b3c8000 	C:\Windows\System32\KERNEL32.DLL
0x00007ffe6a920000 - 0x00007ffe6acd1000 	C:\Windows\System32\KERNELBASE.dll
0x00007ffe6a7a0000 - 0x00007ffe6a8eb000 	C:\Windows\System32\ucrtbase.dll
0x00007ffe497d0000 - 0x00007ffe497eb000 	C:\Program Files\Java\jdk-17\bin\VCRUNTIME140.dll
0x00007ffe49120000 - 0x00007ffe49139000 	C:\Program Files\Java\jdk-17\bin\jli.dll
0x00007ffe6ca90000 - 0x00007ffe6cb44000 	C:\Windows\System32\ADVAPI32.dll
0x00007ffe6c2d0000 - 0x00007ffe6c379000 	C:\Windows\System32\msvcrt.dll
0x00007ffe6b3e0000 - 0x00007ffe6b486000 	C:\Windows\System32\sechost.dll
0x00007ffe6bf20000 - 0x00007ffe6c036000 	C:\Windows\System32\RPCRT4.dll
0x00007ffe6b610000 - 0x00007ffe6b7d9000 	C:\Windows\System32\USER32.dll
0x00007ffe58610000 - 0x00007ffe588a0000 	C:\Windows\WinSxS\amd64_microsoft.windows.common-controls_6595b64144ccf1df_6.0.26100.1882_none_3e0e949ae32eca40\COMCTL32.dll
0x00007ffe6a8f0000 - 0x00007ffe6a917000 	C:\Windows\System32\win32u.dll
0x00007ffe6bad0000 - 0x00007ffe6bafa000 	C:\Windows\System32\GDI32.dll
0x00007ffe6ad60000 - 0x00007ffe6ae85000 	C:\Windows\System32\gdi32full.dll
0x00007ffe6a6f0000 - 0x00007ffe6a793000 	C:\Windows\System32\msvcp_win.dll
0x00007ffe62bd0000 - 0x00007ffe62bdb000 	C:\Windows\SYSTEM32\VERSION.dll
0x00007ffe6b260000 - 0x00007ffe6b28f000 	C:\Windows\System32\IMM32.DLL
0x00007ffe62220000 - 0x00007ffe6222c000 	C:\Program Files\Java\jdk-17\bin\vcruntime140_1.dll
0x00007ffe0cad0000 - 0x00007ffe0cb5e000 	C:\Program Files\Java\jdk-17\bin\msvcp140.dll
0x00007ffe08d30000 - 0x00007ffe09910000 	C:\Program Files\Java\jdk-17\bin\server\jvm.dll
0x00007ffe6bf10000 - 0x00007ffe6bf18000 	C:\Windows\System32\PSAPI.DLL
0x00007ffe5acc0000 - 0x00007ffe5acf6000 	C:\Windows\SYSTEM32\WINMM.dll
0x00007ffe61580000 - 0x00007ffe6158a000 	C:\Windows\SYSTEM32\WSOCK32.dll
0x00007ffe6aff0000 - 0x00007ffe6b064000 	C:\Windows\System32\WS2_32.dll
0x00007ffe693d0000 - 0x00007ffe693ea000 	C:\Windows\SYSTEM32\kernel.appcore.dll
0x00007ffe61570000 - 0x00007ffe6157a000 	C:\Program Files\Java\jdk-17\bin\jimage.dll
0x00007ffe58d20000 - 0x00007ffe58f61000 	C:\Windows\SYSTEM32\DBGHELP.DLL
0x00007ffe6bb00000 - 0x00007ffe6be7d000 	C:\Windows\System32\combase.dll
0x00007ffe6b080000 - 0x00007ffe6b156000 	C:\Windows\System32\OLEAUT32.dll
0x00007ffe49670000 - 0x00007ffe496a9000 	C:\Windows\SYSTEM32\dbgcore.DLL
0x00007ffe6af50000 - 0x00007ffe6afe9000 	C:\Windows\System32\bcryptPrimitives.dll
0x00007ffe48360000 - 0x00007ffe48385000 	C:\Program Files\Java\jdk-17\bin\java.dll
0x00007ffe08a80000 - 0x00007ffe08b57000 	C:\Program Files\Java\jdk-17\bin\jsvml.dll
0x00007ffe6c380000 - 0x00007ffe6ca7e000 	C:\Windows\System32\SHELL32.dll
0x00007ffe68320000 - 0x00007ffe68b4a000 	C:\Windows\SYSTEM32\windows.storage.dll
0x00007ffe6b4b0000 - 0x00007ffe6b583000 	C:\Windows\System32\SHCORE.dll
0x00007ffe6b2a0000 - 0x00007ffe6b2fd000 	C:\Windows\System32\shlwapi.dll
0x00007ffe6a490000 - 0x00007ffe6a4b9000 	C:\Windows\SYSTEM32\profapi.dll
0x00007ffe49650000 - 0x00007ffe49669000 	C:\Program Files\Java\jdk-17\bin\net.dll
0x00007ffe638d0000 - 0x00007ffe639f6000 	C:\Windows\SYSTEM32\WINHTTP.dll
0x00007ffe698d0000 - 0x00007ffe69938000 	C:\Windows\system32\mswsock.dll
0x00007ffe49630000 - 0x00007ffe49646000 	C:\Program Files\Java\jdk-17\bin\nio.dll
0x00007ffe492a0000 - 0x00007ffe492b8000 	C:\Program Files\Java\jdk-17\bin\zip.dll
0x00007ffe61db0000 - 0x00007ffe61dc0000 	C:\Program Files\Java\jdk-17\bin\verify.dll
0x00007ffe61560000 - 0x00007ffe6156a000 	C:\Program Files\Java\jdk-17\bin\management.dll
0x00007ffe61130000 - 0x00007ffe6113b000 	C:\Program Files\Java\jdk-17\bin\management_ext.dll
0x00007ffe4af20000 - 0x00007ffe4af47000 	C:\Users\Admin\.gradle\native\1def1411415f61bf3af743bc5b6707747c0891f09f0c88961ee8f79bc544acac\windows-amd64\native-platform.dll
0x00007ffe65fb0000 - 0x00007ffe65fba000 	C:\Users\Admin\.gradle\native\jansi\1.18\windows64\jansi.dll
0x00007ffe68e10000 - 0x00007ffe68e41000 	C:\Windows\SYSTEM32\IPHLPAPI.DLL
0x00007ffe6c2c0000 - 0x00007ffe6c2ca000 	C:\Windows\System32\NSI.dll
0x00007ffe63b70000 - 0x00007ffe63b8e000 	C:\Windows\SYSTEM32\dhcpcsvc6.DLL
0x00007ffe63710000 - 0x00007ffe63735000 	C:\Windows\SYSTEM32\dhcpcsvc.DLL
0x00007ffe68e50000 - 0x00007ffe68f75000 	C:\Windows\SYSTEM32\DNSAPI.dll
0x00007ffe69b70000 - 0x00007ffe69b8c000 	C:\Windows\SYSTEM32\CRYPTSP.dll
0x00007ffe69330000 - 0x00007ffe69368000 	C:\Windows\system32\rsaenh.dll
0x00007ffe69970000 - 0x00007ffe6999b000 	C:\Windows\SYSTEM32\USERENV.dll
0x00007ffe69db0000 - 0x00007ffe69dd6000 	C:\Windows\SYSTEM32\bcrypt.dll
0x00007ffe69b90000 - 0x00007ffe69b9c000 	C:\Windows\SYSTEM32\CRYPTBASE.dll
0x00007ffe585b0000 - 0x00007ffe585be000 	C:\Program Files\Java\jdk-17\bin\sunmscapi.dll
0x00007ffe6a570000 - 0x00007ffe6a6e6000 	C:\Windows\System32\CRYPT32.dll
0x00007ffe69d70000 - 0x00007ffe69da0000 	C:\Windows\SYSTEM32\ncrypt.dll
0x00007ffe69d20000 - 0x00007ffe69d5f000 	C:\Windows\SYSTEM32\NTASN1.dll
0x00007ffe4f630000 - 0x00007ffe4f638000 	C:\Windows\system32\wshunix.dll

dbghelp: loaded successfully - version: 4.0.5 - missing functions: none
symbol engine: initialized successfully - sym options: 0x614 - pdb path: .;C:\Program Files\Java\jdk-17\bin;C:\Windows\SYSTEM32;C:\Windows\WinSxS\amd64_microsoft.windows.common-controls_6595b64144ccf1df_6.0.26100.1882_none_3e0e949ae32eca40;C:\Program Files\Java\jdk-17\bin\server;C:\Users\Admin\.gradle\native\1def1411415f61bf3af743bc5b6707747c0891f09f0c88961ee8f79bc544acac\windows-amd64;C:\Users\Admin\.gradle\native\jansi\1.18\windows64

VM Arguments:
jvm_args: -Xmx64m -Xms64m -Dorg.gradle.appname=gradlew 
java_command: E:\newxpaywallet\android\\gradle\wrapper\gradle-wrapper.jar app:installDebug -PreactNativeDevServerPort=8081
java_class_path (initial): E:\newxpaywallet\android\\gradle\wrapper\gradle-wrapper.jar
Launcher Type: SUN_STANDARD

[Global flags]
     intx CICompilerCount                          = 12                                        {product} {ergonomic}
     uint ConcGCThreads                            = 3                                         {product} {ergonomic}
     uint G1ConcRefinementThreads                  = 13                                        {product} {ergonomic}
   size_t G1HeapRegionSize                         = 1048576                                   {product} {ergonomic}
    uintx GCDrainStackTargetSize                   = 64                                        {product} {ergonomic}
   size_t InitialHeapSize                          = 67108864                                  {product} {command line}
   size_t MarkStackSize                            = 4194304                                   {product} {ergonomic}
   size_t MaxHeapSize                              = 67108864                                  {product} {command line}
   size_t MaxNewSize                               = 39845888                                  {product} {ergonomic}
   size_t MinHeapDeltaBytes                        = 1048576                                   {product} {ergonomic}
   size_t MinHeapSize                              = 67108864                                  {product} {command line}
    uintx NonNMethodCodeHeapSize                   = 7602480                                {pd product} {ergonomic}
    uintx NonProfiledCodeHeapSize                  = 122027880                              {pd product} {ergonomic}
    uintx ProfiledCodeHeapSize                     = 122027880                              {pd product} {ergonomic}
    uintx ReservedCodeCacheSize                    = 251658240                              {pd product} {ergonomic}
     bool SegmentedCodeCache                       = true                                      {product} {ergonomic}
   size_t SoftMaxHeapSize                          = 67108864                               {manageable} {ergonomic}
     bool UseCompressedClassPointers               = true                           {product lp64_product} {ergonomic}
     bool UseCompressedOops                        = true                           {product lp64_product} {ergonomic}
     bool UseG1GC                                  = true                                      {product} {ergonomic}
     bool UseLargePagesIndividualAllocation        = false                                  {pd product} {ergonomic}

Logging:
Log output configuration:
 #0: stdout all=warning uptime,level,tags
 #1: stderr all=off uptime,level,tags

Environment Variables:
JAVA_HOME=C:\Program Files\Java\jdk-17
PATH=E:\newxpaywallet\node_modules\.bin;E:\newxpaywallet\node_modules\.bin;E:\node_modules\.bin;C:\Users\Admin\AppData\Roaming\nvm\v20.19.6\node_modules\npm\node_modules\@npmcli\run-script\lib\node-gyp-bin;C:\Program Files\Java\jdk-17\\bin;C:\Windows\system32;C:\Windows;C:\Windows\System32\Wbem;C:\Windows\System32\WindowsPowerShell\v1.0\;C:\Windows\System32\OpenSSH\;C:\Program Files\Git\cmd;%LOCALAPPDATA%\Android\Sdk\platform-tools;C:\Program Files (x86)\NVIDIA Corporation\PhysX\Common;C:\Program Files\NVIDIA Corporation\NVIDIA app\NvDLISR;E:\Windows Kits\10\Windows Performance Toolkit\;D:\FlutterV2\flutter\bin;C:\Users\Admin\AppData\Roaming\nvm;C:\nodejs;C:\Program Files\nodejs\;C:\Program Files\Java\jdk-17\bin;C:\Users\Admin\.config\herd-lite\bin;C:\Users\Admin\AppData\Local\Microsoft\WindowsApps;E:\Microsoft VS Code\bin;C:\Users\Admin\AppData\Local\Android\Sdk\platform-tools;D:\FlutterV2\flutter\bin;C:\Users\Admin\AppData\Roaming\nvm;C:\nodejs;C:\Users\Admin\AppData\Roaming\npm;C:\Program Files\Java\jdk-17\bin;
USERNAME=Admin
LANG=en_US.UTF-8
OS=Windows_NT
PROCESSOR_IDENTIFIER=AMD64 Family 25 Model 68 Stepping 1, AuthenticAMD



---------------  S Y S T E M  ---------------

OS:
 Windows 11 , 64 bit Build 26100 (10.0.26100.2152)
OS uptime: 0 days 0:29 hours

CPU: total 16 (initial active 16) (16 cores per cpu, 2 threads per core) family 25 model 68 stepping 1 microcode 0xa404105, cx8, cmov, fxsr, ht, mmx, 3dnowpref, sse, sse2, sse3, ssse3, sse4a, sse4.1, sse4.2, popcnt, lzcnt, tsc, tscinvbit, avx, avx2, aes, erms, clmul, bmi1, bmi2, adx, sha, fma, vzeroupper, clflush, clflushopt

Memory: 4k page, system-wide physical 16122M (2048M free)
TotalPageFile size 24314M (AvailPageFile size 259M)
current process WorkingSet (physical memory assigned to process): 107M, peak: 134M
current process commit charge ("private bytes"): 177M, peak: 206M

vm_info: Java HotSpot(TM) 64-Bit Server VM (17.0.12+8-LTS-286) for windows-amd64 JRE (17.0.12+8-LTS-286), built on Jun  5 2024 06:46:59 by "mach5one" with MS VC++ 17.6 (VS2022)

END.
